ERC report (2026-06-01T13:03:18, Encoding UTF8)
Report includes: Errors, Warnings

***** Sheet /
[power_pin_not_driven]: Input Power pin not driven by any Output Power pins
    ; error
    @(2300 mils, 800 mils): Symbol U5 Pin 2 [VIN, Power input, Line]
[pin_not_connected]: Pin not connected
    ; error
    @(5152 mils, 897 mils): Symbol #PWR01 Pin 1 [Power input, Line]
[power_pin_not_driven]: Input Power pin not driven by any Output Power pins
    ; error
    @(5950 mils, 750 mils): Symbol U6 Pin 14 [VCC, Power input, Line]
[missing_power_pin]: Symbol U6 has input power pins in units [ A, C ] that are not placed
    ; error
    @(5950 mils, 1350 mils): Symbol U6 [7427]
[missing_power_pin]: Symbol U2 has input power pins in units [ A ] that are not placed
    ; error
    @(6900 mils, 3600 mils): Symbol U2 [Compute_Module_5_Functional]
[power_pin_not_driven]: Input Power pin not driven by any Output Power pins
    ; error
    @(6900 mils, 4900 mils): Symbol U2 Pin 78 [GPIO_VREF, Power input, Line]
[power_pin_not_driven]: Input Power pin not driven by any Output Power pins
    ; error
    @(9450 mils, 5400 mils): Symbol U3 Pin 77 [+5V, Power input, Line]
[missing_power_pin]: Symbol U3 has input power pins in units [ B ] that are not placed
    ; error
    @(9450 mils, 5450 mils): Symbol U3 [Compute_Module_5_Functional]
[pin_to_pin]: Pins of type Output and Output are connected
    ; error
    @(10800 mils, 2200 mils): Symbol U1 Pin 46 [USIM_CLK, Output, Clock]
    @(4300 mils, 2450 mils): Symbol U7 Pin 1 [RO, Output, Line]
[pin_to_pin]: Pins of type Output and Output are connected
    ; error
    @(10800 mils, 2300 mils): Symbol U1 Pin 44 [USIM_RST, Output, Line]
    @(10800 mils, 2200 mils): Symbol U1 Pin 46 [USIM_CLK, Output, Clock]
[multiple_net_names]: Both BG95_PWRKEY and CAN_TX_MCU are attached to the same items; BG95_PWRKEY will be used in the netlist
    ; warning
    @(8550 mils, 5300 mils): Label 'BG95_PWRKEY'
    @(700 mils, 3300 mils): Label 'CAN_TX_MCU'
[pin_to_pin]: Pins of type Tri-state and Output are connected
    ; warning
    @(700 mils, 3400 mils): Symbol U12 Pin 4 [RXD, Tri-state, Line]
    @(4300 mils, 2450 mils): Symbol U7 Pin 1 [RO, Output, Line]
[footprint_link_issues]: Footprint 'M12_Panel_2pin' not found in library 'Connector'
    ; warning
    @(900 mils, 1000 mils): Symbol J1 [M12_L_Power]
[no_connect_dangling]: Unconnected "no connection" flag
    ; warning
    @(950 mils, 4000 mils): No Connect
[footprint_link_issues]: The current configuration does not include the footprint library 'Microchip'
    ; warning
    @(1400 mils, 6100 mils): Symbol U4 [ATECC608B-MAHDA-T]
[pin_to_pin]: Pins of type Tri-state and Output are connected
    ; warning
    @(2200 mils, 4350 mils): Symbol U9 Pin 16 [MISO, Tri-state, Inverted]
    @(4300 mils, 2450 mils): Symbol U7 Pin 1 [RO, Output, Line]
[footprint_link_issues]: Footprint 'M12_Panel_8pin' not found in library 'Connector'
    ; warning
    @(2350 mils, 2800 mils): Symbol J2 [M12_A_Sensor_8pin]
[footprint_link_issues]: The current configuration does not include the footprint library '4ms_Package_SOIC'
    ; warning
    @(2800 mils, 1050 mils): Symbol U5 [TPS54332]
[isolated_pin_label]: Label connected to only one pin
    ; warning
    @(2900 mils, 4000 mils): Label 'CM5_RUN'
[footprint_link_issues]: The current configuration does not include the footprint library 'Eseye'
    ; warning
    @(3550 mils, 2700 mils): Symbol U10 [EIS3_eSIM]
[endpoint_off_grid]: Symbol pin or wire end off connection grid
    ; warning
    @(5152 mils, 897 mils): Symbol #PWR01 Pin 1 [Power input, Line]
[endpoint_off_grid]: Symbol pin or wire end off connection grid
    ; warning
    @(5900 mils, 2258 mils): Vertical Wire, length 92 mils
[endpoint_off_grid]: Symbol pin or wire end off connection grid
    ; warning
    @(5900 mils, 2474 mils): Vertical Wire, length 124 mils
[endpoint_off_grid]: Symbol pin or wire end off connection grid
    ; warning
    @(5900 mils, 2598 mils): Wire, length 10 mils
[endpoint_off_grid]: Symbol pin or wire end off connection grid
    ; warning
    @(5900 mils, 2972 mils): Vertical Wire, length 124 mils
[endpoint_off_grid]: Symbol pin or wire end off connection grid
    ; warning
    @(5900 mils, 3096 mils): Wire, length 12 mils
[endpoint_off_grid]: Symbol pin or wire end off connection grid
    ; warning
    @(5900 mils, 2350 mils): Wire, length 8 mils
[endpoint_off_grid]: Symbol pin or wire end off connection grid
    ; warning
    @(5901 mils, 2358 mils): Horizontal Wire, length 1350 mils
[endpoint_off_grid]: Symbol pin or wire end off connection grid
    ; warning
    @(5901 mils, 2358 mils): Vertical Wire, length 100 mils
[endpoint_off_grid]: Symbol pin or wire end off connection grid
    ; warning
    @(5901 mils, 2458 mils): Horizontal Wire, length 2650 mils
[endpoint_off_grid]: Symbol pin or wire end off connection grid
    ; warning
    @(5901 mils, 2458 mils): Wire, length 16 mils
[endpoint_off_grid]: Symbol pin or wire end off connection grid
    ; warning
    @(5901 mils, 2608 mils): Horizontal Wire, length 1350 mils
[endpoint_off_grid]: Symbol pin or wire end off connection grid
    ; warning
    @(5901 mils, 2608 mils): Wire, length 239 mils
[endpoint_off_grid]: Symbol pin or wire end off connection grid
    ; warning
    @(5901 mils, 2958 mils): Horizontal Wire, length 1 mils
[label_multiple_wires]: Label connects more than one wire at 1498900, 726000
    ; warning
    @(5901 mils, 2958 mils): Label 'USIM_CLK'
    @(5902 mils, 2958 mils): Wire, length 14 mils
[endpoint_off_grid]: Symbol pin or wire end off connection grid
    ; warning
    @(5901 mils, 2972 mils): Horizontal Wire, length 1 mils
[endpoint_off_grid]: Symbol pin or wire end off connection grid
    ; warning
    @(5902 mils, 2241 mils): Wire, length 17 mils
[endpoint_off_grid]: Symbol pin or wire end off connection grid
    ; warning
    @(5902 mils, 2241 mils): Horizontal Wire, length 50 mils
[endpoint_off_grid]: Symbol pin or wire end off connection grid
    ; warning
    @(5902 mils, 2819 mils): Wire, length 28 mils
[endpoint_off_grid]: Symbol pin or wire end off connection grid
    ; warning
    @(5902 mils, 2819 mils): Vertical Wire, length 139 mils
[endpoint_off_grid]: Symbol pin or wire end off connection grid
    ; warning
    @(5902 mils, 2958 mils): Wire, length 14 mils
[endpoint_off_grid]: Symbol pin or wire end off connection grid
    ; warning
    @(5902 mils, 2958 mils): Wire, length 13 mils
[unconnected_wire_endpoint]: Unconnected wire endpoint
    ; warning
    @(5950 mils, 900 mils): Vertical Wire, length 150 mils
[missing_input_pin]: Symbol U6 has input pins in units [ A, C ] that are not placed
    ; warning
    @(5950 mils, 1350 mils): Symbol U6 [7427]
[missing_unit]: Symbol U6 has unplaced units [ A, C ]
    ; warning
    @(5950 mils, 1350 mils): Symbol U6 [7427]
[isolated_pin_label]: Label connected to only one pin
    ; warning
    @(6700 mils, 950 mils): Label 'ANT_LTE_M'
[footprint_link_issues]: The current configuration does not include the footprint library 'CM5'
    ; warning
    @(6900 mils, 3600 mils): Symbol U2 [Compute_Module_5_Functional]
[missing_bidi_pin]: Symbol U2 has bidirectional pins in units [ G, J, K, . ] that are not placed
    ; warning
    @(6900 mils, 3600 mils): Symbol U2 [Compute_Module_5_Functional]
[missing_input_pin]: Symbol U2 has input pins in units [ C, D, E, . ] that are not placed
    ; warning
    @(6900 mils, 3600 mils): Symbol U2 [Compute_Module_5_Functional]
[missing_unit]: Symbol U2 has unplaced units [ A, C, D, . ]
    ; warning
    @(6900 mils, 3600 mils): Symbol U2 [Compute_Module_5_Functional]
[unconnected_wire_endpoint]: Unconnected wire endpoint
    ; warning
    @(7251 mils, 2141 mils): Wire, length 208 mils
[unconnected_wire_endpoint]: Unconnected wire endpoint
    ; warning
    @(7251 mils, 2258 mils): Wire, length 208 mils
[unconnected_wire_endpoint]: Unconnected wire endpoint
    ; warning
    @(7251 mils, 2508 mils): Wire, length 208 mils
[endpoint_off_grid]: Symbol pin or wire end off connection grid
    ; warning
    @(7251 mils, 2141 mils): Wire, length 208 mils
[endpoint_off_grid]: Symbol pin or wire end off connection grid
    ; warning
    @(7251 mils, 2258 mils): Wire, length 208 mils
[endpoint_off_grid]: Symbol pin or wire end off connection grid
    ; warning
    @(7251 mils, 2508 mils): Wire, length 208 mils
[endpoint_off_grid]: Symbol pin or wire end off connection grid
    ; warning
    @(8551 mils, 2458 mils): Vertical Wire, length 1142 mils
[endpoint_off_grid]: Symbol pin or wire end off connection grid
    ; warning
    @(8551 mils, 3600 mils): Horizontal Wire, length 1 mils
[footprint_link_issues]: The current configuration does not include the footprint library 'CM5'
    ; warning
    @(9450 mils, 5450 mils): Symbol U3 [Compute_Module_5_Functional]
[missing_bidi_pin]: Symbol U3 has bidirectional pins in units [ G, J, K, . ] that are not placed
    ; warning
    @(9450 mils, 5450 mils): Symbol U3 [Compute_Module_5_Functional]
[missing_input_pin]: Symbol U3 has input pins in units [ C, D, E, . ] that are not placed
    ; warning
    @(9450 mils, 5450 mils): Symbol U3 [Compute_Module_5_Functional]
[missing_unit]: Symbol U3 has unplaced units [ B, C, D, . ]
    ; warning
    @(9450 mils, 5450 mils): Symbol U3 [Compute_Module_5_Functional]

 ** ERC messages: 62  Errors 10  Warnings 52

 ** Ignored checks:
    - Global label only appears once in the schematic
    - Four connection points are joined together
    - SPICE model issue
    - Assigned footprint doesn't match footprint filters
