ERC report (2026-06-01T15:57:22, Encoding UTF8)
Report includes: Errors, Warnings

***** Sheet /
[power_pin_not_driven]: Input Power pin not driven by any Output Power pins
    ; error
    @(2100 mils, 4300 mils): Symbol U1 Pin 2 [VBAT_RF, Power input, Line]
[power_pin_not_driven]: Input Power pin not driven by any Output Power pins
    ; error
    @(2300 mils, 700 mils): Symbol U5 Pin 2 [VIN, Power input, Line]
[wire_dangling]: Wires not connected to anything
    ; error
    @(3300 mils, 4100 mils): Horizontal Wire, length 50 mils
[wire_dangling]: Wires not connected to anything
    ; error
    @(3350 mils, 4000 mils): Horizontal Wire, length 50 mils
[pin_not_connected]: Pin not connected
    ; error
    @(5152 mils, 797 mils): Symbol #PWR01 Pin 1 [Power input, Line]
[power_pin_not_driven]: Input Power pin not driven by any Output Power pins
    ; error
    @(5950 mils, 650 mils): Symbol U6 Pin 14 [VCC, Power input, Line]
[missing_power_pin]: Symbol U6 has input power pins in units [ A, C ] that are not placed
    ; error
    @(5950 mils, 1250 mils): Symbol U6 [7427]
[missing_power_pin]: Symbol U2 has input power pins in units [ A ] that are not placed
    ; error
    @(5950 mils, 3600 mils): Symbol U2 [Compute_Module_5_Functional]
[pin_to_pin]: Pins of type Output and Output are connected
    ; error
    @(6650 mils, 1250 mils): Symbol U6 Pin 6 [Output, Inverted]
    @(4300 mils, 2350 mils): Symbol U7 Pin 1 [RO, Output, Line]
[pin_not_connected]: Pin not connected
    ; error
    @(8150 mils, 1500 mils): Symbol U13 Pin 72 [ADC, Input, Line]
[pin_not_driven]: Input pin not driven by any Output pins
    ; error
    @(8150 mils, 1500 mils): Symbol U13 Pin 72 [ADC, Input, Line]
[pin_not_connected]: Pin not connected
    ; error
    @(8150 mils, 1700 mils): Symbol U13 Pin 48 [WAKE0, Input, Line]
[pin_not_driven]: Input pin not driven by any Output pins
    ; error
    @(8150 mils, 1700 mils): Symbol U13 Pin 48 [WAKE0, Input, Line]
[pin_not_connected]: Pin not connected
    ; error
    @(8150 mils, 2600 mils): Symbol U13 Pin 98 [GPIO3/PCM_RX, Bidirectional, Line]
[pin_not_connected]: Pin not connected
    ; error
    @(8150 mils, 2700 mils): Symbol U13 Pin 96 [GPIO4/PCM_CLK, Bidirectional, Line]
[pin_not_connected]: Pin not connected
    ; error
    @(8150 mils, 2800 mils): Symbol U13 Pin 99 [GPIO5/PCM_FS, Bidirectional, Line]
[pin_not_connected]: Pin not connected
    ; error
    @(8150 mils, 2900 mils): Symbol U13 Pin 100 [GPIO6/PCM_TX, Bidirectional, Line]
[pin_not_connected]: Pin not connected
    ; error
    @(8150 mils, 3900 mils): Symbol U13 Pin 33 [RTS0, Input, Line]
[pin_not_driven]: Input pin not driven by any Output pins
    ; error
    @(8150 mils, 3900 mils): Symbol U13 Pin 33 [RTS0, Input, Line]
[pin_not_connected]: Pin not connected
    ; error
    @(8150 mils, 4000 mils): Symbol U13 Pin 35 [GPIO14/CTS0, Bidirectional, Line]
[pin_not_connected]: Pin not connected
    ; error
    @(8150 mils, 4700 mils): Symbol U13 Pin 24 [GPIO19/TXD3, Bidirectional, Line]
[pin_not_connected]: Pin not connected
    ; error
    @(8150 mils, 4800 mils): Symbol U13 Pin 22 [GPIO20/RXD3, Bidirectional, Line]
[pin_not_connected]: Pin not connected
    ; error
    @(8150 mils, 4900 mils): Symbol U13 Pin 21 [GPIO21/CTS3, Bidirectional, Line]
[power_pin_not_driven]: Input Power pin not driven by any Output Power pins
    ; error
    @(8500 mils, 5800 mils): Symbol U3 Pin 77 [+5V, Power input, Line]
[missing_power_pin]: Symbol U3 has input power pins in units [ B ] that are not placed
    ; error
    @(8500 mils, 5850 mils): Symbol U3 [Compute_Module_5_Functional]
[power_pin_not_driven]: Input Power pin not driven by any Output Power pins
    ; error
    @(10250 mils, 3100 mils): Symbol U13 Pin 60 [VBAT, Power input, Line]
[pin_not_connected]: Pin not connected
    ; error
    @(8850 mils, 3100 mils): Symbol U13 Pin 8 [1V8, Power input, Line]
[power_pin_not_driven]: Input Power pin not driven by any Output Power pins
    ; error
    @(8850 mils, 3100 mils): Symbol U13 Pin 8 [1V8, Power input, Line]
[power_pin_not_driven]: Input Power pin not driven by any Output Power pins
    ; error
    @(10250 mils, 3300 mils): Symbol U13 Pin 86 [GND2, Power input, Line]
[power_pin_not_driven]: Input Power pin not driven by any Output Power pins
    ; error
    @(8850 mils, 3300 mils): Symbol U13 Pin 1 [GND1, Power input, Line]
[pin_to_pin]: Pins of type Output and Output are connected
    ; error
    @(10950 mils, 1300 mils): Symbol U13 Pin 43 [~{SIM_RST}/ISO7816_RST, Output, Line]
    @(6650 mils, 1250 mils): Symbol U6 Pin 6 [Output, Inverted]
[pin_to_pin]: Pins of type Output and Output are connected
    ; error
    @(10950 mils, 1400 mils): Symbol U13 Pin 42 [SIM_CLK/ISO7816_CLK, Output, Clock]
    @(10950 mils, 1300 mils): Symbol U13 Pin 43 [~{SIM_RST}/ISO7816_RST, Output, Line]
[pin_not_connected]: Pin not connected
    ; error
    @(10950 mils, 1800 mils): Symbol U13 Pin 20 [RES/FFF_FFH, Bidirectional, Line]
[pin_not_connected]: Pin not connected
    ; error
    @(10950 mils, 1900 mils): Symbol U13 Pin 16 [RING0, Bidirectional, Line]
[pin_to_pin]: Pins of type Output and Output are connected
    ; error
    @(10950 mils, 2700 mils): Symbol U13 Pin 32 [TXD1, Output, Line]
    @(10950 mils, 1400 mils): Symbol U13 Pin 42 [SIM_CLK/ISO7816_CLK, Output, Clock]
[pin_not_connected]: Pin not connected
    ; error
    @(10950 mils, 3900 mils): Symbol U13 Pin 97 [GPIO24/I2C_SCL, Bidirectional, Line]
[pin_not_connected]: Pin not connected
    ; error
    @(10950 mils, 4100 mils): Symbol U13 Pin 39 [GPIO25, Bidirectional, Line]
[pin_not_connected]: Pin not connected
    ; error
    @(10950 mils, 4200 mils): Symbol U13 Pin 40 [GPIO26, Bidirectional, Line]
[pin_not_connected]: Pin not connected
    ; error
    @(10950 mils, 4300 mils): Symbol U13 Pin 41 [GPIO27, Bidirectional, Line]
[pin_not_connected]: Pin not connected
    ; error
    @(10950 mils, 4400 mils): Symbol U13 Pin 14 [DTR0/GPIO28, Bidirectional, Line]
[pin_not_connected]: Pin not connected
    ; error
    @(10950 mils, 4500 mils): Symbol U13 Pin 15 [GPIO29, Bidirectional, Line]
[pin_not_connected]: Pin not connected
    ; error
    @(10950 mils, 4600 mils): Symbol U13 Pin 17 [GPIO30, Bidirectional, Line]
[no_connect_dangling]: Unconnected "no connection" flag
    ; warning
    @(-550 mils, 7050 mils): No Connect
[pin_to_pin]: Pins of type Tri-state and Output are connected
    ; warning
    @(700 mils, 3300 mils): Symbol U12 Pin 4 [RXD, Tri-state, Line]
    @(4300 mils, 2350 mils): Symbol U7 Pin 1 [RO, Output, Line]
[footprint_link_issues]: Footprint 'M12_Panel_2pin' not found in library 'Connector'
    ; warning
    @(900 mils, 900 mils): Symbol J1 [M12_L_Power]
[no_connect_dangling]: Unconnected "no connection" flag
    ; warning
    @(950 mils, 3900 mils): No Connect
[footprint_link_issues]: The current configuration does not include the footprint library 'Microchip'
    ; warning
    @(1350 mils, 6200 mils): Symbol U4 [ATECC608B-MAHDA-T]
[footprint_link_issues]: Footprint 'M12_Panel_8pin' not found in library 'Connector'
    ; warning
    @(2350 mils, 2700 mils): Symbol J2 [M12_A_Sensor_8pin]
[footprint_link_issues]: The current configuration does not include the footprint library '4ms_Package_SOIC'
    ; warning
    @(2800 mils, 950 mils): Symbol U5 [TPS54332]
[isolated_pin_label]: Label connected to only one pin
    ; warning
    @(2900 mils, 3900 mils): Label 'CM5_RUN'
[footprint_link_issues]: Footprint 'QFN-32-1EP_5x5mm_P0.5mm_EP3.5x3.5mm' not found in library 'Package_DFN_QFN'
    ; warning
    @(3000 mils, 5300 mils): Symbol U1 [LR1121TVK1TGKS]
[unconnected_wire_endpoint]: Unconnected wire endpoint
    ; warning
    @(3300 mils, 4100 mils): Horizontal Wire, length 50 mils
[unconnected_wire_endpoint]: Unconnected wire endpoint
    ; warning
    @(3350 mils, 4000 mils): Horizontal Wire, length 50 mils
[unconnected_wire_endpoint]: Unconnected wire endpoint
    ; warning
    @(3300 mils, 4100 mils): Horizontal Wire, length 50 mils
[unconnected_wire_endpoint]: Unconnected wire endpoint
    ; warning
    @(3350 mils, 4000 mils): Horizontal Wire, length 50 mils
[unconnected_wire_endpoint]: Unconnected wire endpoint
    ; warning
    @(3450 mils, 3800 mils): Horizontal Wire, length 50 mils
[footprint_link_issues]: The current configuration does not include the footprint library 'Eseye'
    ; warning
    @(3550 mils, 2600 mils): Symbol U10 [EIS3_eSIM]
[multiple_net_names]: Both ANT_GNSS and SX1262_MOSI are attached to the same items; ANT_GNSS will be used in the netlist
    ; warning
    @(6700 mils, 1400 mils): Label 'ANT_GNSS'
    @(3900 mils, 4400 mils): Label 'SX1262_MOSI'
[endpoint_off_grid]: Symbol pin or wire end off connection grid
    ; warning
    @(5152 mils, 797 mils): Symbol #PWR01 Pin 1 [Power input, Line]
[endpoint_off_grid]: Symbol pin or wire end off connection grid
    ; warning
    @(5900 mils, 2158 mils): Vertical Wire, length 92 mils
[unconnected_wire_endpoint]: Unconnected wire endpoint
    ; warning
    @(5900 mils, 2350 mils): Horizontal Wire, length 1550 mils
[endpoint_off_grid]: Symbol pin or wire end off connection grid
    ; warning
    @(5900 mils, 2374 mils): Vertical Wire, length 124 mils
[endpoint_off_grid]: Symbol pin or wire end off connection grid
    ; warning
    @(5900 mils, 2498 mils): Wire, length 10 mils
[endpoint_off_grid]: Symbol pin or wire end off connection grid
    ; warning
    @(5900 mils, 2872 mils): Vertical Wire, length 124 mils
[endpoint_off_grid]: Symbol pin or wire end off connection grid
    ; warning
    @(5900 mils, 2996 mils): Wire, length 12 mils
[endpoint_off_grid]: Symbol pin or wire end off connection grid
    ; warning
    @(5900 mils, 2250 mils): Wire, length 8 mils
[endpoint_off_grid]: Symbol pin or wire end off connection grid
    ; warning
    @(5901 mils, 2258 mils): Horizontal Wire, length 1350 mils
[endpoint_off_grid]: Symbol pin or wire end off connection grid
    ; warning
    @(5901 mils, 2258 mils): Vertical Wire, length 100 mils
[endpoint_off_grid]: Symbol pin or wire end off connection grid
    ; warning
    @(5901 mils, 2358 mils): Wire, length 16 mils
[endpoint_off_grid]: Symbol pin or wire end off connection grid
    ; warning
    @(5901 mils, 2508 mils): Horizontal Wire, length 1350 mils
[endpoint_off_grid]: Symbol pin or wire end off connection grid
    ; warning
    @(5901 mils, 2508 mils): Wire, length 239 mils
[endpoint_off_grid]: Symbol pin or wire end off connection grid
    ; warning
    @(5901 mils, 2858 mils): Horizontal Wire, length 1 mils
[label_multiple_wires]: Label connects more than one wire at 1498900, 726000
    ; warning
    @(5901 mils, 2858 mils): Label 'USIM_CLK'
    @(5902 mils, 2858 mils): Wire, length 14 mils
[endpoint_off_grid]: Symbol pin or wire end off connection grid
    ; warning
    @(5901 mils, 2872 mils): Horizontal Wire, length 1 mils
[endpoint_off_grid]: Symbol pin or wire end off connection grid
    ; warning
    @(5902 mils, 2141 mils): Wire, length 17 mils
[endpoint_off_grid]: Symbol pin or wire end off connection grid
    ; warning
    @(5902 mils, 2141 mils): Horizontal Wire, length 1349 mils
[endpoint_off_grid]: Symbol pin or wire end off connection grid
    ; warning
    @(5902 mils, 2719 mils): Wire, length 28 mils
[endpoint_off_grid]: Symbol pin or wire end off connection grid
    ; warning
    @(5902 mils, 2719 mils): Vertical Wire, length 139 mils
[endpoint_off_grid]: Symbol pin or wire end off connection grid
    ; warning
    @(5902 mils, 2858 mils): Wire, length 14 mils
[endpoint_off_grid]: Symbol pin or wire end off connection grid
    ; warning
    @(5902 mils, 2858 mils): Wire, length 13 mils
[unconnected_wire_endpoint]: Unconnected wire endpoint
    ; warning
    @(5950 mils, 800 mils): Vertical Wire, length 150 mils
[missing_input_pin]: Symbol U6 has input pins in units [ A, C ] that are not placed
    ; warning
    @(5950 mils, 1250 mils): Symbol U6 [7427]
[missing_unit]: Symbol U6 has unplaced units [ A, C ]
    ; warning
    @(5950 mils, 1250 mils): Symbol U6 [7427]
[footprint_link_issues]: The current configuration does not include the footprint library 'CM5'
    ; warning
    @(5950 mils, 3600 mils): Symbol U2 [Compute_Module_5_Functional]
[missing_bidi_pin]: Symbol U2 has bidirectional pins in units [ G, J, K, . ] that are not placed
    ; warning
    @(5950 mils, 3600 mils): Symbol U2 [Compute_Module_5_Functional]
[missing_input_pin]: Symbol U2 has input pins in units [ C, D, E, . ] that are not placed
    ; warning
    @(5950 mils, 3600 mils): Symbol U2 [Compute_Module_5_Functional]
[missing_unit]: Symbol U2 has unplaced units [ A, C, D, . ]
    ; warning
    @(5950 mils, 3600 mils): Symbol U2 [Compute_Module_5_Functional]
[unconnected_wire_endpoint]: Unconnected wire endpoint
    ; warning
    @(7200 mils, 3900 mils): Horizontal Wire, length 150 mils
[unconnected_wire_endpoint]: Unconnected wire endpoint
    ; warning
    @(7200 mils, 4000 mils): Horizontal Wire, length 150 mils
[unconnected_wire_endpoint]: Unconnected wire endpoint
    ; warning
    @(7200 mils, 4100 mils): Horizontal Wire, length 150 mils
[unconnected_wire_endpoint]: Unconnected wire endpoint
    ; warning
    @(7200 mils, 4200 mils): Horizontal Wire, length 150 mils
[unconnected_wire_endpoint]: Unconnected wire endpoint
    ; warning
    @(7200 mils, 4300 mils): Horizontal Wire, length 150 mils
[unconnected_wire_endpoint]: Unconnected wire endpoint
    ; warning
    @(7200 mils, 4400 mils): Horizontal Wire, length 150 mils
[unconnected_wire_endpoint]: Unconnected wire endpoint
    ; warning
    @(7200 mils, 4800 mils): Horizontal Wire, length 150 mils
[unconnected_wire_endpoint]: Unconnected wire endpoint
    ; warning
    @(7200 mils, 4900 mils): Horizontal Wire, length 150 mils
[unconnected_wire_endpoint]: Unconnected wire endpoint
    ; warning
    @(7200 mils, 5000 mils): Horizontal Wire, length 150 mils
[unconnected_wire_endpoint]: Unconnected wire endpoint
    ; warning
    @(7200 mils, 5100 mils): Horizontal Wire, length 150 mils
[unconnected_wire_endpoint]: Unconnected wire endpoint
    ; warning
    @(7200 mils, 5200 mils): Horizontal Wire, length 150 mils
[unconnected_wire_endpoint]: Unconnected wire endpoint
    ; warning
    @(7200 mils, 5300 mils): Horizontal Wire, length 150 mils
[unconnected_wire_endpoint]: Unconnected wire endpoint
    ; warning
    @(7200 mils, 5400 mils): Horizontal Wire, length 150 mils
[unconnected_wire_endpoint]: Unconnected wire endpoint
    ; warning
    @(7200 mils, 5500 mils): Horizontal Wire, length 150 mils
[unconnected_wire_endpoint]: Unconnected wire endpoint
    ; warning
    @(7200 mils, 5600 mils): Horizontal Wire, length 150 mils
[unconnected_wire_endpoint]: Unconnected wire endpoint
    ; warning
    @(7200 mils, 5700 mils): Horizontal Wire, length 150 mils
[unconnected_wire_endpoint]: Unconnected wire endpoint
    ; warning
    @(7200 mils, 5900 mils): Horizontal Wire, length 150 mils
[unconnected_wire_endpoint]: Unconnected wire endpoint
    ; warning
    @(7200 mils, 6000 mils): Horizontal Wire, length 150 mils
[unconnected_wire_endpoint]: Unconnected wire endpoint
    ; warning
    @(7200 mils, 6100 mils): Horizontal Wire, length 150 mils
[unconnected_wire_endpoint]: Unconnected wire endpoint
    ; warning
    @(7200 mils, 6200 mils): Horizontal Wire, length 150 mils
[unconnected_wire_endpoint]: Unconnected wire endpoint
    ; warning
    @(7251 mils, 2141 mils): Wire, length 208 mils
[unconnected_wire_endpoint]: Unconnected wire endpoint
    ; warning
    @(7251 mils, 2258 mils): Wire, length 208 mils
[unconnected_wire_endpoint]: Unconnected wire endpoint
    ; warning
    @(7251 mils, 2508 mils): Wire, length 208 mils
[endpoint_off_grid]: Symbol pin or wire end off connection grid
    ; warning
    @(7251 mils, 2141 mils): Wire, length 208 mils
[endpoint_off_grid]: Symbol pin or wire end off connection grid
    ; warning
    @(7251 mils, 2258 mils): Wire, length 208 mils
[endpoint_off_grid]: Symbol pin or wire end off connection grid
    ; warning
    @(7251 mils, 2508 mils): Wire, length 208 mils
[isolated_pin_label]: Label connected to only one pin
    ; warning
    @(8150 mils, 2300 mils): Label 'GM02_STATUS'
[unconnected_wire_endpoint]: Unconnected wire endpoint
    ; warning
    @(8150 mils, 1300 mils): Horizontal Wire, length 150 mils
[footprint_link_issues]: The current configuration does not include the footprint library 'CM5'
    ; warning
    @(8500 mils, 5850 mils): Symbol U3 [Compute_Module_5_Functional]
[missing_bidi_pin]: Symbol U3 has bidirectional pins in units [ G, J, K, . ] that are not placed
    ; warning
    @(8500 mils, 5850 mils): Symbol U3 [Compute_Module_5_Functional]
[missing_input_pin]: Symbol U3 has input pins in units [ C, D, E, . ] that are not placed
    ; warning
    @(8500 mils, 5850 mils): Symbol U3 [Compute_Module_5_Functional]
[missing_unit]: Symbol U3 has unplaced units [ B, C, D, . ]
    ; warning
    @(8500 mils, 5850 mils): Symbol U3 [Compute_Module_5_Functional]
[footprint_link_issues]: The current configuration does not include the footprint library 'GM02SP'
    ; warning
    @(9550 mils, 3200 mils): Symbol U13 [GM02SP]
[lib_symbol_issues]: The current configuration does not include the symbol library 'GM02SP'
    ; warning
    @(9550 mils, 3200 mils): Symbol U13 [GM02SP]
[footprint_link_issues]: The current configuration does not include the footprint library 'GM02SP'
    ; warning
    @(10600 mils, 6250 mils): Symbol U13 [GM02SP]
[lib_symbol_issues]: The current configuration does not include the symbol library 'GM02SP'
    ; warning
    @(10600 mils, 6250 mils): Symbol U13 [GM02SP]
[unconnected_wire_endpoint]: Unconnected wire endpoint
    ; warning
    @(11050 mils, 2800 mils): Vertical Wire, length 1300 mils

 ** ERC messages: 124  Errors 42  Warnings 82

 ** Ignored checks:
    - Global label only appears once in the schematic
    - Four connection points are joined together
    - SPICE model issue
    - Assigned footprint doesn't match footprint filters
